<?xml version="1.0" encoding="UTF-8"?>
<!-- Generated by org.testng.reporters.JUnitReportReporter -->
<testsuite hostname="DESKTOP-QJP6EME" failures="0" tests="4" name="assignmentmain.testc" time="21.893" errors="0" timestamp="2020-04-16T12:26:23 IST" skipped="0">
  <testcase classname="assignmentmain.testc" name="starttest" time="3.370"/>
  <system-out/>
  <testcase classname="assignmentmain.testc" name="secondtest" time="4.957"/>
  <system-out/>
  <testcase classname="assignmentmain.testc" name="thirdtest" time="2.920"/>
  <system-out/>
  <testcase classname="assignmentmain.testc" name="fourthtest" time="10.646"/>
  <system-out/>
</testsuite> <!-- assignmentmain.testc -->
