<?xml version="1.0" encoding="UTF-8"?>
<!-- Generated by org.testng.reporters.JUnitReportReporter -->
<testsuite hostname="DESKTOP-QJP6EME" failures="0" tests="3" name="assignmentmain.testc" time="9.519" errors="0" timestamp="2020-04-16T00:46:10 IST" skipped="0">
  <testcase classname="assignmentmain.testc" name="starttest" time="3.136"/>
  <system-out/>
  <testcase classname="assignmentmain.testc" name="secondtest" time="4.094"/>
  <system-out/>
  <testcase classname="assignmentmain.testc" name="thirdtest" time="2.289"/>
  <system-out/>
</testsuite> <!-- assignmentmain.testc -->
